This is pdfTeX, Version 3.1415926-2.4-1.40.13 (TeX Live 2012) (format=pdflatex 2012.6.30)  22 JAN 2014 16:35
entering extended mode
 restricted \write18 enabled.
 %&-line parsing enabled.
**CANSIM2.tex
(./CANSIM2.tex
LaTeX2e <2011/06/27>
Babel <v3.8m> and hyphenation patterns for english, dumylang, nohyphenation, ge
rman-x-2012-05-30, ngerman-x-2012-05-30, afrikaans, ancientgreek, ibycus, arabi
c, armenian, basque, bulgarian, catalan, pinyin, coptic, croatian, czech, danis
h, dutch, ukenglish, usenglishmax, esperanto, estonian, ethiopic, farsi, finnis
h, french, friulan, galician, german, ngerman, swissgerman, monogreek, greek, h
ungarian, icelandic, assamese, bengali, gujarati, hindi, kannada, malayalam, ma
rathi, oriya, panjabi, tamil, telugu, indonesian, interlingua, irish, italian, 
kurmanji, latin, latvian, lithuanian, mongolian, mongolianlmc, bokmal, nynorsk,
 polish, portuguese, romanian, romansh, russian, sanskrit, serbian, serbianc, s
lovak, slovenian, spanish, swedish, turkish, turkmen, ukrainian, uppersorbian, 
welsh, loaded.
(/usr/local/texlive/2012/texmf-dist/tex/latex/base/article.cls
Document Class: article 2007/10/19 v1.4h Standard LaTeX document class
(/usr/local/texlive/2012/texmf-dist/tex/latex/base/size10.clo
File: size10.clo 2007/10/19 v1.4h Standard LaTeX file (size option)
)
\c@part=\count79
\c@section=\count80
\c@subsection=\count81
\c@subsubsection=\count82
\c@paragraph=\count83
\c@subparagraph=\count84
\c@figure=\count85
\c@table=\count86
\abovecaptionskip=\skip41
\belowcaptionskip=\skip42
\bibindent=\dimen102
)
(/usr/local/texlive/2012/texmf-dist/tex/latex/graphics/graphicx.sty
Package: graphicx 1999/02/16 v1.0f Enhanced LaTeX Graphics (DPC,SPQR)

(/usr/local/texlive/2012/texmf-dist/tex/latex/graphics/keyval.sty
Package: keyval 1999/03/16 v1.13 key=value parser (DPC)
\KV@toks@=\toks14
)
(/usr/local/texlive/2012/texmf-dist/tex/latex/graphics/graphics.sty
Package: graphics 2009/02/05 v1.0o Standard LaTeX Graphics (DPC,SPQR)

(/usr/local/texlive/2012/texmf-dist/tex/latex/graphics/trig.sty
Package: trig 1999/03/16 v1.09 sin cos tan (DPC)
)
(/usr/local/texlive/2012/texmf-dist/tex/latex/latexconfig/graphics.cfg
File: graphics.cfg 2010/04/23 v1.9 graphics configuration of TeX Live
)
Package graphics Info: Driver file: pdftex.def on input line 91.

(/usr/local/texlive/2012/texmf-dist/tex/latex/pdftex-def/pdftex.def
File: pdftex.def 2011/05/27 v0.06d Graphics/color for pdfTeX

(/usr/local/texlive/2012/texmf-dist/tex/generic/oberdiek/infwarerr.sty
Package: infwarerr 2010/04/08 v1.3 Providing info/warning/error messages (HO)
)
(/usr/local/texlive/2012/texmf-dist/tex/generic/oberdiek/ltxcmds.sty
Package: ltxcmds 2011/11/09 v1.22 LaTeX kernel commands for general use (HO)
)
\Gread@gobject=\count87
))
\Gin@req@height=\dimen103
\Gin@req@width=\dimen104
)
(/usr/local/texlive/2012/texmf-dist/tex/latex/graphics/color.sty
Package: color 2005/11/14 v1.0j Standard LaTeX Color (DPC)

(/usr/local/texlive/2012/texmf-dist/tex/latex/latexconfig/color.cfg
File: color.cfg 2007/01/18 v1.5 color configuration of teTeX/TeXLive
)
Package color Info: Driver file: pdftex.def on input line 130.
)
(/usr/local/texlive/2012/texmf-dist/tex/latex/framed/framed.sty
Package: framed 2011/10/22 v 0.96: framed or shaded text with page breaks
\OuterFrameSep=\skip43
\fb@frw=\dimen105
\fb@frh=\dimen106
\FrameRule=\dimen107
\FrameSep=\dimen108
)
(/usr/local/texlive/2012/texmf-dist/tex/latex/base/alltt.sty
Package: alltt 1997/06/16 v2.0g defines alltt environment
)
(/usr/local/texlive/2012/texmf-dist/tex/latex/geometry/geometry.sty
Package: geometry 2010/09/12 v5.6 Page Geometry

(/usr/local/texlive/2012/texmf-dist/tex/generic/oberdiek/ifpdf.sty
Package: ifpdf 2011/01/30 v2.3 Provides the ifpdf switch (HO)
Package ifpdf Info: pdfTeX in PDF mode is detected.
)
(/usr/local/texlive/2012/texmf-dist/tex/generic/oberdiek/ifvtex.sty
Package: ifvtex 2010/03/01 v1.5 Detect VTeX and its facilities (HO)
Package ifvtex Info: VTeX not detected.
)
(/usr/local/texlive/2012/texmf-dist/tex/generic/ifxetex/ifxetex.sty
Package: ifxetex 2010/09/12 v0.6 Provides ifxetex conditional
)
\Gm@cnth=\count88
\Gm@cntv=\count89
\c@Gm@tempcnt=\count90
\Gm@bindingoffset=\dimen109
\Gm@wd@mp=\dimen110
\Gm@odd@mp=\dimen111
\Gm@even@mp=\dimen112
\Gm@layoutwidth=\dimen113
\Gm@layoutheight=\dimen114
\Gm@layouthoffset=\dimen115
\Gm@layoutvoffset=\dimen116
\Gm@dimlist=\toks15
)
(/Library/Frameworks/R.framework/Resources/share/texmf/tex/latex/upquote.sty
Package: upquote 2003/08/11 v1.1 Covington's upright-quote modification to verb
atim and verb

(/usr/local/texlive/2012/texmf-dist/tex/latex/base/textcomp.sty
Package: textcomp 2005/09/27 v1.99g Standard LaTeX package
Package textcomp Info: Sub-encoding information:
(textcomp)               5 = only ISO-Adobe without \textcurrency
(textcomp)               4 = 5 + \texteuro
(textcomp)               3 = 4 + \textohm
(textcomp)               2 = 3 + \textestimated + \textcurrency
(textcomp)               1 = TS1 - \textcircled - \t
(textcomp)               0 = TS1 (full)
(textcomp)             Font families with sub-encoding setting implement
(textcomp)             only a restricted character set as indicated.
(textcomp)             Family '?' is the default used for unknown fonts.
(textcomp)             See the documentation for details.
Package textcomp Info: Setting ? sub-encoding to TS1/1 on input line 71.

(/usr/local/texlive/2012/texmf-dist/tex/latex/base/ts1enc.def
File: ts1enc.def 2001/06/05 v3.0e (jk/car/fm) Standard LaTeX file
)
LaTeX Info: Redefining \oldstylenums on input line 266.
Package textcomp Info: Setting cmr sub-encoding to TS1/0 on input line 281.
Package textcomp Info: Setting cmss sub-encoding to TS1/0 on input line 282.
Package textcomp Info: Setting cmtt sub-encoding to TS1/0 on input line 283.
Package textcomp Info: Setting cmvtt sub-encoding to TS1/0 on input line 284.
Package textcomp Info: Setting cmbr sub-encoding to TS1/0 on input line 285.
Package textcomp Info: Setting cmtl sub-encoding to TS1/0 on input line 286.
Package textcomp Info: Setting ccr sub-encoding to TS1/0 on input line 287.
Package textcomp Info: Setting ptm sub-encoding to TS1/4 on input line 288.
Package textcomp Info: Setting pcr sub-encoding to TS1/4 on input line 289.
Package textcomp Info: Setting phv sub-encoding to TS1/4 on input line 290.
Package textcomp Info: Setting ppl sub-encoding to TS1/3 on input line 291.
Package textcomp Info: Setting pag sub-encoding to TS1/4 on input line 292.
Package textcomp Info: Setting pbk sub-encoding to TS1/4 on input line 293.
Package textcomp Info: Setting pnc sub-encoding to TS1/4 on input line 294.
Package textcomp Info: Setting pzc sub-encoding to TS1/4 on input line 295.
Package textcomp Info: Setting bch sub-encoding to TS1/4 on input line 296.
Package textcomp Info: Setting put sub-encoding to TS1/5 on input line 297.
Package textcomp Info: Setting uag sub-encoding to TS1/5 on input line 298.
Package textcomp Info: Setting ugq sub-encoding to TS1/5 on input line 299.
Package textcomp Info: Setting ul8 sub-encoding to TS1/4 on input line 300.
Package textcomp Info: Setting ul9 sub-encoding to TS1/4 on input line 301.
Package textcomp Info: Setting augie sub-encoding to TS1/5 on input line 302.
Package textcomp Info: Setting dayrom sub-encoding to TS1/3 on input line 303.
Package textcomp Info: Setting dayroms sub-encoding to TS1/3 on input line 304.

Package textcomp Info: Setting pxr sub-encoding to TS1/0 on input line 305.
Package textcomp Info: Setting pxss sub-encoding to TS1/0 on input line 306.
Package textcomp Info: Setting pxtt sub-encoding to TS1/0 on input line 307.
Package textcomp Info: Setting txr sub-encoding to TS1/0 on input line 308.
Package textcomp Info: Setting txss sub-encoding to TS1/0 on input line 309.
Package textcomp Info: Setting txtt sub-encoding to TS1/0 on input line 310.
Package textcomp Info: Setting lmr sub-encoding to TS1/0 on input line 311.
Package textcomp Info: Setting lmdh sub-encoding to TS1/0 on input line 312.
Package textcomp Info: Setting lmss sub-encoding to TS1/0 on input line 313.
Package textcomp Info: Setting lmssq sub-encoding to TS1/0 on input line 314.
Package textcomp Info: Setting lmvtt sub-encoding to TS1/0 on input line 315.
Package textcomp Info: Setting qhv sub-encoding to TS1/0 on input line 316.
Package textcomp Info: Setting qag sub-encoding to TS1/0 on input line 317.
Package textcomp Info: Setting qbk sub-encoding to TS1/0 on input line 318.
Package textcomp Info: Setting qcr sub-encoding to TS1/0 on input line 319.
Package textcomp Info: Setting qcs sub-encoding to TS1/0 on input line 320.
Package textcomp Info: Setting qpl sub-encoding to TS1/0 on input line 321.
Package textcomp Info: Setting qtm sub-encoding to TS1/0 on input line 322.
Package textcomp Info: Setting qzc sub-encoding to TS1/0 on input line 323.
Package textcomp Info: Setting qhvc sub-encoding to TS1/0 on input line 324.
Package textcomp Info: Setting futs sub-encoding to TS1/4 on input line 325.
Package textcomp Info: Setting futx sub-encoding to TS1/4 on input line 326.
Package textcomp Info: Setting futj sub-encoding to TS1/4 on input line 327.
Package textcomp Info: Setting hlh sub-encoding to TS1/3 on input line 328.
Package textcomp Info: Setting hls sub-encoding to TS1/3 on input line 329.
Package textcomp Info: Setting hlst sub-encoding to TS1/3 on input line 330.
Package textcomp Info: Setting hlct sub-encoding to TS1/5 on input line 331.
Package textcomp Info: Setting hlx sub-encoding to TS1/5 on input line 332.
Package textcomp Info: Setting hlce sub-encoding to TS1/5 on input line 333.
Package textcomp Info: Setting hlcn sub-encoding to TS1/5 on input line 334.
Package textcomp Info: Setting hlcw sub-encoding to TS1/5 on input line 335.
Package textcomp Info: Setting hlcf sub-encoding to TS1/5 on input line 336.
Package textcomp Info: Setting pplx sub-encoding to TS1/3 on input line 337.
Package textcomp Info: Setting pplj sub-encoding to TS1/3 on input line 338.
Package textcomp Info: Setting ptmx sub-encoding to TS1/4 on input line 339.
Package textcomp Info: Setting ptmj sub-encoding to TS1/4 on input line 340.
)) (./CANSIM2.aux)
\openout1 = `CANSIM2.aux'.

LaTeX Font Info:    Checking defaults for OML/cmm/m/it on input line 55.
LaTeX Font Info:    ... okay on input line 55.
LaTeX Font Info:    Checking defaults for T1/cmr/m/n on input line 55.
LaTeX Font Info:    ... okay on input line 55.
LaTeX Font Info:    Checking defaults for OT1/cmr/m/n on input line 55.
LaTeX Font Info:    ... okay on input line 55.
LaTeX Font Info:    Checking defaults for OMS/cmsy/m/n on input line 55.
LaTeX Font Info:    ... okay on input line 55.
LaTeX Font Info:    Checking defaults for OMX/cmex/m/n on input line 55.
LaTeX Font Info:    ... okay on input line 55.
LaTeX Font Info:    Checking defaults for U/cmr/m/n on input line 55.
LaTeX Font Info:    ... okay on input line 55.
LaTeX Font Info:    Checking defaults for TS1/cmr/m/n on input line 55.
LaTeX Font Info:    Try loading font information for TS1+cmr on input line 55.
 (/usr/local/texlive/2012/texmf-dist/tex/latex/base/ts1cmr.fd
File: ts1cmr.fd 1999/05/25 v2.5h Standard LaTeX font definitions
)
LaTeX Font Info:    ... okay on input line 55.

(/usr/local/texlive/2012/texmf-dist/tex/context/base/supp-pdf.mkii
[Loading MPS to PDF converter (version 2006.09.02).]
\scratchcounter=\count91
\scratchdimen=\dimen117
\scratchbox=\box26
\nofMPsegments=\count92
\nofMParguments=\count93
\everyMPshowfont=\toks16
\MPscratchCnt=\count94
\MPscratchDim=\dimen118
\MPnumerator=\count95
\makeMPintoPDFobject=\count96
\everyMPtoPDFconversion=\toks17
) (/usr/local/texlive/2012/texmf-dist/tex/generic/oberdiek/pdftexcmds.sty
Package: pdftexcmds 2011/11/29 v0.20 Utility functions of pdfTeX for LuaTeX (HO
)

(/usr/local/texlive/2012/texmf-dist/tex/generic/oberdiek/ifluatex.sty
Package: ifluatex 2010/03/01 v1.3 Provides the ifluatex switch (HO)
Package ifluatex Info: LuaTeX not detected.
)
Package pdftexcmds Info: LuaTeX not detected.
Package pdftexcmds Info: \pdf@primitive is available.
Package pdftexcmds Info: \pdf@ifprimitive is available.
Package pdftexcmds Info: \pdfdraftmode found.
)
(/usr/local/texlive/2012/texmf-dist/tex/latex/oberdiek/epstopdf-base.sty
Package: epstopdf-base 2010/02/09 v2.5 Base part for package epstopdf

(/usr/local/texlive/2012/texmf-dist/tex/latex/oberdiek/grfext.sty
Package: grfext 2010/08/19 v1.1 Manage graphics extensions (HO)

(/usr/local/texlive/2012/texmf-dist/tex/generic/oberdiek/kvdefinekeys.sty
Package: kvdefinekeys 2011/04/07 v1.3 Define keys (HO)
))
(/usr/local/texlive/2012/texmf-dist/tex/latex/oberdiek/kvoptions.sty
Package: kvoptions 2011/06/30 v3.11 Key value format for package options (HO)

(/usr/local/texlive/2012/texmf-dist/tex/generic/oberdiek/kvsetkeys.sty
Package: kvsetkeys 2012/04/25 v1.16 Key value parser (HO)

(/usr/local/texlive/2012/texmf-dist/tex/generic/oberdiek/etexcmds.sty
Package: etexcmds 2011/02/16 v1.5 Avoid name clashes with e-TeX commands (HO)
Package etexcmds Info: Could not find \expanded.
(etexcmds)             That can mean that you are not using pdfTeX 1.50 or
(etexcmds)             that some package has redefined \expanded.
(etexcmds)             In the latter case, load this package earlier.
)))
Package grfext Info: Graphics extension search list:
(grfext)             [.png,.pdf,.jpg,.mps,.jpeg,.jbig2,.jb2,.PNG,.PDF,.JPG,.JPE
G,.JBIG2,.JB2,.eps]
(grfext)             \AppendGraphicsExtensions on input line 452.

(/usr/local/texlive/2012/texmf-dist/tex/latex/latexconfig/epstopdf-sys.cfg
File: epstopdf-sys.cfg 2010/07/13 v1.3 Configuration of (r)epstopdf for TeX Liv
e
))
*geometry* driver: auto-detecting
*geometry* detected driver: pdftex
*geometry* verbose mode - [ preamble ] result:
* driver: pdftex
* paper: custom
* layout: <same size as paper>
* layoutoffset:(h,v)=(0.0pt,0.0pt)
* modes: 
* h-part:(L,W,R)=(0.72229pt, 938.06541pt, 0.72229pt)
* v-part:(T,H,B)=(0.72229pt, 793.5254pt, 0.72229pt)
* \paperwidth=939.51pt
* \paperheight=794.96999pt
* \textwidth=938.06541pt
* \textheight=793.5254pt
* \oddsidemargin=-71.5477pt
* \evensidemargin=-71.5477pt
* \topmargin=-108.5477pt
* \headheight=12.0pt
* \headsep=25.0pt
* \topskip=10.0pt
* \footskip=30.0pt
* \marginparwidth=65.0pt
* \marginparsep=11.0pt
* \columnsep=10.0pt
* \skip\footins=9.0pt plus 4.0pt minus 2.0pt
* \hoffset=0.0pt
* \voffset=0.0pt
* \mag=1000
* \@twocolumnfalse
* \@twosidefalse
* \@mparswitchfalse
* \@reversemarginfalse
* (1in=72.27pt=25.4mm, 1cm=28.453pt)

LaTeX Font Info:    External font `cmex10' loaded for size
(Font)              <7> on input line 61.
LaTeX Font Info:    External font `cmex10' loaded for size
(Font)              <5> on input line 61.
Package color Info: Redefining color shadecolor on input line 262.
<figure/unnamed-chunk-2.pdf, id=1, 867.24pt x 505.89pt>
File: figure/unnamed-chunk-2.pdf Graphic file (type pdf)

<use figure/unnamed-chunk-2.pdf>
Package pdftex.def Info: figure/unnamed-chunk-2.pdf used on input line 263.
(pdftex.def)             Requested size: 867.2379pt x 505.9119pt.
Package color Info: Redefining color shadecolor on input line 272.

<figure/unnamed-chunk-3.pdf, id=2, 867.24pt x 505.89pt>
File: figure/unnamed-chunk-3.pdf Graphic file (type pdf)

<use figure/unnamed-chunk-3.pdf>
Package pdftex.def Info: figure/unnamed-chunk-3.pdf used on input line 273.
(pdftex.def)             Requested size: 867.2379pt x 505.9119pt.
Package color Info: Redefining color shadecolor on input line 282.

<figure/unnamed-chunk-4.pdf, id=3, 867.24pt x 505.89pt>
File: figure/unnamed-chunk-4.pdf Graphic file (type pdf)

<use figure/unnamed-chunk-4.pdf>
Package pdftex.def Info: figure/unnamed-chunk-4.pdf used on input line 283.
(pdftex.def)             Requested size: 867.2379pt x 505.9119pt.
Package color Info: Redefining color shadecolor on input line 292.

<figure/unnamed-chunk-5.pdf, id=4, 867.24pt x 505.89pt>
File: figure/unnamed-chunk-5.pdf Graphic file (type pdf)

<use figure/unnamed-chunk-5.pdf>
Package pdftex.def Info: figure/unnamed-chunk-5.pdf used on input line 293.
(pdftex.def)             Requested size: 867.2379pt x 505.9119pt.
Package color Info: Redefining color shadecolor on input line 302.

<figure/unnamed-chunk-6.pdf, id=5, 867.24pt x 505.89pt>
File: figure/unnamed-chunk-6.pdf Graphic file (type pdf)

<use figure/unnamed-chunk-6.pdf>
Package pdftex.def Info: figure/unnamed-chunk-6.pdf used on input line 303.
(pdftex.def)             Requested size: 867.2379pt x 505.9119pt.
Package color Info: Redefining color shadecolor on input line 312.

<figure/unnamed-chunk-7.pdf, id=6, 867.24pt x 505.89pt>
File: figure/unnamed-chunk-7.pdf Graphic file (type pdf)

<use figure/unnamed-chunk-7.pdf>
Package pdftex.def Info: figure/unnamed-chunk-7.pdf used on input line 313.
(pdftex.def)             Requested size: 867.2379pt x 505.9119pt.
Package color Info: Redefining color shadecolor on input line 322.

<figure/unnamed-chunk-8.pdf, id=7, 867.24pt x 505.89pt>
File: figure/unnamed-chunk-8.pdf Graphic file (type pdf)

<use figure/unnamed-chunk-8.pdf>
Package pdftex.def Info: figure/unnamed-chunk-8.pdf used on input line 323.
(pdftex.def)             Requested size: 867.2379pt x 505.9119pt.
Package color Info: Redefining color shadecolor on input line 332.

<figure/unnamed-chunk-9.pdf, id=8, 867.24pt x 505.89pt>
File: figure/unnamed-chunk-9.pdf Graphic file (type pdf)

<use figure/unnamed-chunk-9.pdf>
Package pdftex.def Info: figure/unnamed-chunk-9.pdf used on input line 333.
(pdftex.def)             Requested size: 867.2379pt x 505.9119pt.
Package color Info: Redefining color shadecolor on input line 342.

<figure/unnamed-chunk-10.pdf, id=9, 867.24pt x 505.89pt>
File: figure/unnamed-chunk-10.pdf Graphic file (type pdf)

<use figure/unnamed-chunk-10.pdf>
Package pdftex.def Info: figure/unnamed-chunk-10.pdf used on input line 343.
(pdftex.def)             Requested size: 867.2379pt x 505.9119pt.
Package color Info: Redefining color shadecolor on input line 352.

<figure/unnamed-chunk-11.pdf, id=10, 867.24pt x 505.89pt>
File: figure/unnamed-chunk-11.pdf Graphic file (type pdf)

<use figure/unnamed-chunk-11.pdf>
Package pdftex.def Info: figure/unnamed-chunk-11.pdf used on input line 353.
(pdftex.def)             Requested size: 867.2379pt x 505.9119pt.
 [1{/usr/local/texlive/2012/texmf-var/fonts/map/pdftex/updmap/pdftex.map}] [2] 
[3 <./figure/unnamed-chunk-2.pdf>] [4 <./figure/unnamed-chunk-3.pdf>] [5 <./fig
ure/unnamed-chunk-4.pdf>] [6 <./figure/unnamed-chunk-5.pdf>] [7 <./figure/unnam
ed-chunk-6.pdf>] [8 <./figure/unnamed-chunk-7.pdf>] [9 <./figure/unnamed-chunk-
8.pdf>] [10 <./figure/unnamed-chunk-9.pdf>]
[11 <./figure/unnamed-chunk-10.pdf>] [12 <./figure/unnamed-chunk-11.pdf>]
Package color Info: Redefining color shadecolor on input line 363.

<figure/unnamed-chunk-12.pdf, id=112, 867.24pt x 505.89pt>
File: figure/unnamed-chunk-12.pdf Graphic file (type pdf)

<use figure/unnamed-chunk-12.pdf>
Package pdftex.def Info: figure/unnamed-chunk-12.pdf used on input line 364.
(pdftex.def)             Requested size: 867.2379pt x 505.9119pt.
Package color Info: Redefining color shadecolor on input line 373.

<figure/unnamed-chunk-13.pdf, id=113, 867.24pt x 505.89pt>
File: figure/unnamed-chunk-13.pdf Graphic file (type pdf)

<use figure/unnamed-chunk-13.pdf>
Package pdftex.def Info: figure/unnamed-chunk-13.pdf used on input line 374.
(pdftex.def)             Requested size: 867.2379pt x 505.9119pt.
Package color Info: Redefining color shadecolor on input line 383.

<figure/unnamed-chunk-14.pdf, id=114, 867.24pt x 505.89pt>
File: figure/unnamed-chunk-14.pdf Graphic file (type pdf)

<use figure/unnamed-chunk-14.pdf>
Package pdftex.def Info: figure/unnamed-chunk-14.pdf used on input line 384.
(pdftex.def)             Requested size: 867.2379pt x 505.9119pt.
Package color Info: Redefining color shadecolor on input line 393.

<figure/unnamed-chunk-15.pdf, id=115, 867.24pt x 505.89pt>
File: figure/unnamed-chunk-15.pdf Graphic file (type pdf)

<use figure/unnamed-chunk-15.pdf>
Package pdftex.def Info: figure/unnamed-chunk-15.pdf used on input line 394.
(pdftex.def)             Requested size: 867.2379pt x 505.9119pt.
Package color Info: Redefining color shadecolor on input line 403.

<figure/unnamed-chunk-16.pdf, id=116, 867.24pt x 505.89pt>
File: figure/unnamed-chunk-16.pdf Graphic file (type pdf)

<use figure/unnamed-chunk-16.pdf>
Package pdftex.def Info: figure/unnamed-chunk-16.pdf used on input line 404.
(pdftex.def)             Requested size: 867.2379pt x 505.9119pt.
Package color Info: Redefining color shadecolor on input line 413.

<figure/unnamed-chunk-17.pdf, id=117, 867.24pt x 505.89pt>
File: figure/unnamed-chunk-17.pdf Graphic file (type pdf)

<use figure/unnamed-chunk-17.pdf>
Package pdftex.def Info: figure/unnamed-chunk-17.pdf used on input line 414.
(pdftex.def)             Requested size: 867.2379pt x 505.9119pt.
Package color Info: Redefining color shadecolor on input line 423.

<figure/unnamed-chunk-18.pdf, id=118, 867.24pt x 505.89pt>
File: figure/unnamed-chunk-18.pdf Graphic file (type pdf)

<use figure/unnamed-chunk-18.pdf>
Package pdftex.def Info: figure/unnamed-chunk-18.pdf used on input line 424.
(pdftex.def)             Requested size: 867.2379pt x 505.9119pt.
Package color Info: Redefining color shadecolor on input line 433.

<figure/unnamed-chunk-19.pdf, id=119, 867.24pt x 505.89pt>
File: figure/unnamed-chunk-19.pdf Graphic file (type pdf)

<use figure/unnamed-chunk-19.pdf>
Package pdftex.def Info: figure/unnamed-chunk-19.pdf used on input line 434.
(pdftex.def)             Requested size: 867.2379pt x 505.9119pt.
Package color Info: Redefining color shadecolor on input line 443.

<figure/unnamed-chunk-20.pdf, id=120, 867.24pt x 505.89pt>
File: figure/unnamed-chunk-20.pdf Graphic file (type pdf)

<use figure/unnamed-chunk-20.pdf>
Package pdftex.def Info: figure/unnamed-chunk-20.pdf used on input line 444.
(pdftex.def)             Requested size: 867.2379pt x 505.9119pt.
Package color Info: Redefining color shadecolor on input line 453.

<figure/unnamed-chunk-21.pdf, id=121, 867.24pt x 505.89pt>
File: figure/unnamed-chunk-21.pdf Graphic file (type pdf)

<use figure/unnamed-chunk-21.pdf>
Package pdftex.def Info: figure/unnamed-chunk-21.pdf used on input line 454.
(pdftex.def)             Requested size: 867.2379pt x 505.9119pt.
Package color Info: Redefining color shadecolor on input line 463.

<figure/unnamed-chunk-22.pdf, id=122, 867.24pt x 505.89pt>
File: figure/unnamed-chunk-22.pdf Graphic file (type pdf)

<use figure/unnamed-chunk-22.pdf>
Package pdftex.def Info: figure/unnamed-chunk-22.pdf used on input line 464.
(pdftex.def)             Requested size: 867.2379pt x 505.9119pt.
Package color Info: Redefining color shadecolor on input line 473.

<figure/unnamed-chunk-23.pdf, id=123, 867.24pt x 505.89pt>
File: figure/unnamed-chunk-23.pdf Graphic file (type pdf)

<use figure/unnamed-chunk-23.pdf>
Package pdftex.def Info: figure/unnamed-chunk-23.pdf used on input line 474.
(pdftex.def)             Requested size: 867.2379pt x 505.9119pt.
Package color Info: Redefining color shadecolor on input line 483.

<figure/unnamed-chunk-24.pdf, id=124, 867.24pt x 505.89pt>
File: figure/unnamed-chunk-24.pdf Graphic file (type pdf)

<use figure/unnamed-chunk-24.pdf>
Package pdftex.def Info: figure/unnamed-chunk-24.pdf used on input line 484.
(pdftex.def)             Requested size: 867.2379pt x 505.9119pt.
Package color Info: Redefining color shadecolor on input line 493.

<figure/unnamed-chunk-25.pdf, id=125, 867.24pt x 505.89pt>
File: figure/unnamed-chunk-25.pdf Graphic file (type pdf)

<use figure/unnamed-chunk-25.pdf>
Package pdftex.def Info: figure/unnamed-chunk-25.pdf used on input line 494.
(pdftex.def)             Requested size: 867.2379pt x 505.9119pt.
Package color Info: Redefining color shadecolor on input line 503.

<figure/unnamed-chunk-26.pdf, id=126, 867.24pt x 505.89pt>
File: figure/unnamed-chunk-26.pdf Graphic file (type pdf)

<use figure/unnamed-chunk-26.pdf>
Package pdftex.def Info: figure/unnamed-chunk-26.pdf used on input line 504.
(pdftex.def)             Requested size: 867.2379pt x 505.9119pt.
Package color Info: Redefining color shadecolor on input line 513.

<figure/unnamed-chunk-27.pdf, id=127, 867.24pt x 505.89pt>
File: figure/unnamed-chunk-27.pdf Graphic file (type pdf)

<use figure/unnamed-chunk-27.pdf>
Package pdftex.def Info: figure/unnamed-chunk-27.pdf used on input line 514.
(pdftex.def)             Requested size: 867.2379pt x 505.9119pt.
 [13


 <./figure/unnamed-chunk-12.pdf>] [14 <./figure/unnamed-chunk-13.pdf>] [15 <./f
igure/unnamed-chunk-14.pdf>] [16 <./figure/unnamed-chunk-15.pdf>] [17 <./figure
/unnamed-chunk-16.pdf>] [18 <./figure/unnamed-chunk-17.pdf>] [19 <./figure/unna
med-chunk-18.pdf>] [20 <./figure/unnamed-chunk-19.pdf>] [21 <./figure/unnamed-c
hunk-20.pdf>] [22 <./figure/unnamed-chunk-21.pdf>] [23 <./figure/unnamed-chunk-
22.pdf>] [24 <./figure/unnamed-chunk-23.pdf>] [25 <./figure/unnamed-chunk-24.pd
f>] [26 <./figure/unnamed-chunk-25.pdf>]
[27 <./figure/unnamed-chunk-26.pdf>] [28 <./figure/unnamed-chunk-27.pdf>]
(./CANSIM2.aux) ) 
Here is how much of TeX's memory you used:
 2672 strings out of 493488
 41203 string characters out of 3141326
 261883 words of memory out of 3000000
 5937 multiletter control sequences out of 15000+200000
 3948 words of font info for 15 fonts, out of 3000000 for 9000
 957 hyphenation exceptions out of 8191
 38i,9n,32p,846b,284s stack positions out of 5000i,500n,10000p,200000b,50000s
</usr/local/texlive/2012/texmf-dist/fonts/type1/public/amsfont
s/cm/cmbx10.pfb></usr/local/texlive/2012/texmf-dist/fonts/type1/public/amsfonts
/cm/cmmi10.pfb></usr/local/texlive/2012/texmf-dist/fonts/type1/public/amsfonts/
cm/cmr10.pfb>
Output written on CANSIM2.pdf (28 pages, 217430 bytes).
PDF statistics:
 280 PDF objects out of 1000 (max. 8388607)
 193 compressed objects within 2 object streams
 0 named destinations out of 1000 (max. 500000)
 131 words of extra memory for PDF output out of 10000 (max. 10000000)

